2024-07-17T12:48:58.387+02:00  INFO 33844 --- [main] org.eclipse.esmf.ame.Application         : Starting AOT-processed Application using Java 17.0.6 with PID 33844 (C:\Users\Nikolai D'Agostino\AppData\Local\ASPECT-MODEL-EDITOR\backend\signed_dir\ame-backend-5.6.0-win.exe started by Nikolai D'Agostino in C:\Users\Nikolai D'Agostino\aspect-model-editor\models\BatteryPass\1.0.0)
2024-07-17T12:48:58.389+02:00  INFO 33844 --- [main] org.eclipse.esmf.ame.Application         : No active profile set, falling back to 1 default profile: "default"
2024-07-17T12:48:58.479+02:00  INFO 20224 --- [main] org.eclipse.esmf.ame.Application         : Starting AOT-processed Application using Java 17.0.6 with PID 20224 (C:\Users\Nikolai D'Agostino\AppData\Local\ASPECT-MODEL-EDITOR\backend\signed_dir\ame-backend-5.6.0-win.exe started by Nikolai D'Agostino in C:\Users\Nikolai D'Agostino\aspect-model-editor\models\BatteryPass\1.0.0)
2024-07-17T12:48:58.479+02:00  INFO 20224 --- [main] org.eclipse.esmf.ame.Application         : No active profile set, falling back to 1 default profile: "default"
2024-07-17T12:48:58.484+02:00  INFO 33844 --- [main] o.s.b.w.embedded.tomcat.TomcatWebServer  : Tomcat initialized with port(s): 30001 (http)
2024-07-17T12:48:58.485+02:00  INFO 33844 --- [main] o.apache.catalina.core.StandardService   : Starting service [Tomcat]
2024-07-17T12:48:58.485+02:00  INFO 33844 --- [main] o.apache.catalina.core.StandardEngine    : Starting Servlet engine: [Apache Tomcat/10.1.1]
2024-07-17T12:48:58.488+02:00  INFO 33844 --- [main] o.a.c.c.C.[.[localhost].[/ame/api]       : Initializing Spring embedded WebApplicationContext
2024-07-17T12:48:58.488+02:00  INFO 33844 --- [main] w.s.c.ServletWebServerApplicationContext : Root WebApplicationContext: initialization completed in 98 ms
2024-07-17T12:48:58.561+02:00  WARN 33844 --- [main] .s.s.UserDetailsServiceAutoConfiguration : 

Using generated security password: da203291-4004-4e3b-896f-9088c92b8a60

This generated password is for development use only. Your security configuration must be updated before running your application in production.

2024-07-17T12:48:58.566+02:00  INFO 20224 --- [main] o.s.b.w.embedded.tomcat.TomcatWebServer  : Tomcat initialized with port(s): 30001 (http)
2024-07-17T12:48:58.566+02:00  INFO 20224 --- [main] o.apache.catalina.core.StandardService   : Starting service [Tomcat]
2024-07-17T12:48:58.566+02:00  INFO 20224 --- [main] o.apache.catalina.core.StandardEngine    : Starting Servlet engine: [Apache Tomcat/10.1.1]
2024-07-17T12:48:58.568+02:00  INFO 33844 --- [main] o.s.s.web.DefaultSecurityFilterChain     : Will secure any request with [org.springframework.security.web.session.DisableEncodeUrlFilter@291a9b33, org.springframework.security.web.context.request.async.WebAsyncManagerIntegrationFilter@6cbc59d1, org.springframework.security.web.context.SecurityContextHolderFilter@224a1327, org.springframework.security.web.header.HeaderWriterFilter@4bf4b05d, org.springframework.security.web.authentication.logout.LogoutFilter@754287dc, org.springframework.security.web.savedrequest.RequestCacheAwareFilter@526b2676, org.springframework.security.web.servletapi.SecurityContextHolderAwareRequestFilter@2390030b, org.springframework.security.web.authentication.AnonymousAuthenticationFilter@67fc81d6, org.springframework.security.web.access.ExceptionTranslationFilter@667894ef, org.springframework.security.web.access.intercept.AuthorizationFilter@21c36ebd]
2024-07-17T12:48:58.570+02:00  INFO 20224 --- [main] o.a.c.c.C.[.[localhost].[/ame/api]       : Initializing Spring embedded WebApplicationContext
2024-07-17T12:48:58.570+02:00  INFO 20224 --- [main] w.s.c.ServletWebServerApplicationContext : Root WebApplicationContext: initialization completed in 90 ms
2024-07-17T12:48:58.582+02:00  INFO 33844 --- [main] o.s.b.w.embedded.tomcat.TomcatWebServer  : Tomcat started on port(s): 30001 (http) with context path '/ame/api'
2024-07-17T12:48:58.583+02:00  INFO 33844 --- [main] org.eclipse.esmf.ame.Application         : Started Application in 0.216 seconds (process running for 0.219)
2024-07-17T12:48:58.621+02:00  WARN 20224 --- [main] .s.s.UserDetailsServiceAutoConfiguration : 

Using generated security password: 17833ae5-bc5d-45ce-84a2-c5ee0aacd7a9

This generated password is for development use only. Your security configuration must be updated before running your application in production.

2024-07-17T12:48:58.648+02:00  INFO 20224 --- [main] o.s.s.web.DefaultSecurityFilterChain     : Will secure any request with [org.springframework.security.web.session.DisableEncodeUrlFilter@65f20803, org.springframework.security.web.context.request.async.WebAsyncManagerIntegrationFilter@1d9379ca, org.springframework.security.web.context.SecurityContextHolderFilter@11bc13e6, org.springframework.security.web.header.HeaderWriterFilter@4873fd7f, org.springframework.security.web.authentication.logout.LogoutFilter@687e4635, org.springframework.security.web.savedrequest.RequestCacheAwareFilter@473283f8, org.springframework.security.web.servletapi.SecurityContextHolderAwareRequestFilter@1909fe1d, org.springframework.security.web.authentication.AnonymousAuthenticationFilter@538ee549, org.springframework.security.web.access.ExceptionTranslationFilter@e0a3ed5, org.springframework.security.web.access.intercept.AuthorizationFilter@1072bf58]
2024-07-17T12:48:58.661+02:00  WARN 20224 --- [main] w.s.c.ServletWebServerApplicationContext : Exception encountered during context initialization - cancelling refresh attempt: org.springframework.context.ApplicationContextException: Failed to start bean 'webServerStartStop'
2024-07-17T12:48:58.661+02:00  INFO 20224 --- [main] o.apache.catalina.core.StandardService   : Stopping service [Tomcat]
2024-07-17T12:48:58.663+02:00 ERROR 20224 --- [main] o.s.b.d.LoggingFailureAnalysisReporter   : 

***************************
APPLICATION FAILED TO START
***************************

Description:

Web server failed to start. Port 30001 was already in use.

Action:

Identify and stop the process that's listening on port 30001 or configure this application to listen on another port.

2024-07-17T12:49:04.734+02:00  INFO 33844 --- [http-nio-127.0.0.1-30001-exec-1] o.a.c.c.C.[.[localhost].[/ame/api]       : Initializing Spring DispatcherServlet 'dispatcherServlet'
2024-07-17T12:49:04.734+02:00  INFO 33844 --- [http-nio-127.0.0.1-30001-exec-1] o.s.web.servlet.DispatcherServlet        : Initializing Servlet 'dispatcherServlet'
2024-07-17T12:49:04.735+02:00  INFO 33844 --- [http-nio-127.0.0.1-30001-exec-1] o.s.web.servlet.DispatcherServlet        : Completed initialization in 0 ms
2024-07-17T12:49:31.733+02:00  INFO 33408 --- [main] org.eclipse.esmf.ame.Application         : Starting AOT-processed Application using Java 17.0.6 with PID 33408 (C:\Users\Nikolai D'Agostino\AppData\Local\ASPECT-MODEL-EDITOR\backend\signed_dir\ame-backend-5.6.0-win.exe started by Nikolai D'Agostino in C:\Users\Nikolai D'Agostino\aspect-model-editor\models\BatteryPass\1.0.0)
2024-07-17T12:49:31.734+02:00  INFO 33408 --- [main] org.eclipse.esmf.ame.Application         : No active profile set, falling back to 1 default profile: "default"
2024-07-17T12:49:31.787+02:00  INFO 33408 --- [main] o.s.b.w.embedded.tomcat.TomcatWebServer  : Tomcat initialized with port(s): 30001 (http)
2024-07-17T12:49:31.788+02:00  INFO 33408 --- [main] o.apache.catalina.core.StandardService   : Starting service [Tomcat]
2024-07-17T12:49:31.788+02:00  INFO 33408 --- [main] o.apache.catalina.core.StandardEngine    : Starting Servlet engine: [Apache Tomcat/10.1.1]
2024-07-17T12:49:31.791+02:00  INFO 33408 --- [main] o.a.c.c.C.[.[localhost].[/ame/api]       : Initializing Spring embedded WebApplicationContext
2024-07-17T12:49:31.791+02:00  INFO 33408 --- [main] w.s.c.ServletWebServerApplicationContext : Root WebApplicationContext: initialization completed in 57 ms
2024-07-17T12:49:31.825+02:00  WARN 33408 --- [main] .s.s.UserDetailsServiceAutoConfiguration : 

Using generated security password: d2290bc9-16b3-4909-bb74-ad4c4a8e471b

This generated password is for development use only. Your security configuration must be updated before running your application in production.

2024-07-17T12:49:31.848+02:00  INFO 33408 --- [main] o.s.s.web.DefaultSecurityFilterChain     : Will secure any request with [org.springframework.security.web.session.DisableEncodeUrlFilter@310b325d, org.springframework.security.web.context.request.async.WebAsyncManagerIntegrationFilter@29bfaf4e, org.springframework.security.web.context.SecurityContextHolderFilter@39ebd72f, org.springframework.security.web.header.HeaderWriterFilter@66c4aa3f, org.springframework.security.web.authentication.logout.LogoutFilter@4381b33a, org.springframework.security.web.savedrequest.RequestCacheAwareFilter@73ad9f91, org.springframework.security.web.servletapi.SecurityContextHolderAwareRequestFilter@53e153, org.springframework.security.web.authentication.AnonymousAuthenticationFilter@5e38834f, org.springframework.security.web.access.ExceptionTranslationFilter@b2353b, org.springframework.security.web.access.intercept.AuthorizationFilter@7e283e8a]
2024-07-17T12:49:31.857+02:00  INFO 33408 --- [main] o.s.b.w.embedded.tomcat.TomcatWebServer  : Tomcat started on port(s): 30001 (http) with context path '/ame/api'
2024-07-17T12:49:31.858+02:00  INFO 33408 --- [main] org.eclipse.esmf.ame.Application         : Started Application in 0.141 seconds (process running for 0.144)
2024-07-17T12:49:38.094+02:00  INFO 33408 --- [http-nio-127.0.0.1-30001-exec-2] o.a.c.c.C.[.[localhost].[/ame/api]       : Initializing Spring DispatcherServlet 'dispatcherServlet'
2024-07-17T12:49:38.094+02:00  INFO 33408 --- [http-nio-127.0.0.1-30001-exec-2] o.s.web.servlet.DispatcherServlet        : Initializing Servlet 'dispatcherServlet'
2024-07-17T12:49:38.095+02:00  INFO 33408 --- [http-nio-127.0.0.1-30001-exec-2] o.s.web.servlet.DispatcherServlet        : Completed initialization in 1 ms
2024-07-17T12:50:00.519+02:00 ERROR 33408 --- [http-nio-127.0.0.1-30001-exec-1] o.a.c.c.C.[.[.[.[dispatcherServlet]      : Servlet.service() for servlet [dispatcherServlet] in context with path [/ame/api] threw exception [Request processing failed: org.eclipse.esmf.aspectmodel.urn.UrnSyntaxException: The namespace must match [a-zA-Z][a-zA-Z0-9]{1,62}\.[a-zA-Z0-9-]{1,63}(\.[a-zA-Z0-9_-]{1,63})*.] with root cause

org.eclipse.esmf.aspectmodel.urn.UrnSyntaxException: The namespace must match [a-zA-Z][a-zA-Z0-9]{1,62}\.[a-zA-Z0-9-]{1,63}(\.[a-zA-Z0-9_-]{1,63})*.
	at org.eclipse.esmf.aspectmodel.urn.AspectModelUrn.checkUrn(AspectModelUrn.java:376) ~[ame-backend-5.6.0-win.exe:na]
	at org.eclipse.esmf.aspectmodel.urn.AspectModelUrn.fromUrn(AspectModelUrn.java:135) ~[ame-backend-5.6.0-win.exe:na]
	at org.eclipse.esmf.aspectmodel.urn.AspectModelUrn.fromUrn(AspectModelUrn.java:101) ~[ame-backend-5.6.0-win.exe:na]
	at org.eclipse.esmf.ame.resolver.strategy.ResolutionStrategy.getAspectModelUrn(ResolutionStrategy.java:165) ~[ame-backend-5.6.0-win.exe:na]
	at org.eclipse.esmf.ame.resolver.strategy.utils.ResolverUtils.fetchVersionModel(ResolverUtils.java:68) ~[na:na]
	at org.eclipse.esmf.ame.services.ModelService.validateModel(ModelService.java:103) ~[ame-backend-5.6.0-win.exe:na]
	at org.eclipse.esmf.ame.api.ModelController.validateModel(ModelController.java:105) ~[ame-backend-5.6.0-win.exe:na]
	at java.base@17.0.6/java.lang.reflect.Method.invoke(Method.java:568) ~[ame-backend-5.6.0-win.exe:na]
	at org.springframework.web.method.support.InvocableHandlerMethod.doInvoke(InvocableHandlerMethod.java:207) ~[ame-backend-5.6.0-win.exe:6.0.2]
	at org.springframework.web.method.support.InvocableHandlerMethod.invokeForRequest(InvocableHandlerMethod.java:152) ~[ame-backend-5.6.0-win.exe:6.0.2]
	at org.springframework.web.servlet.mvc.method.annotation.ServletInvocableHandlerMethod.invokeAndHandle(ServletInvocableHandlerMethod.java:117) ~[ame-backend-5.6.0-win.exe:6.0.2]
	at org.springframework.web.servlet.mvc.method.annotation.RequestMappingHandlerAdapter.invokeHandlerMethod(RequestMappingHandlerAdapter.java:884) ~[ame-backend-5.6.0-win.exe:6.0.2]
	at org.springframework.web.servlet.mvc.method.annotation.RequestMappingHandlerAdapter.handleInternal(RequestMappingHandlerAdapter.java:797) ~[ame-backend-5.6.0-win.exe:6.0.2]
	at org.springframework.web.servlet.mvc.method.AbstractHandlerMethodAdapter.handle(AbstractHandlerMethodAdapter.java:87) ~[ame-backend-5.6.0-win.exe:6.0.2]
	at org.springframework.web.servlet.DispatcherServlet.doDispatch(DispatcherServlet.java:1080) ~[ame-backend-5.6.0-win.exe:6.0.2]
	at org.springframework.web.servlet.DispatcherServlet.doService(DispatcherServlet.java:973) ~[ame-backend-5.6.0-win.exe:6.0.2]
	at org.springframework.web.servlet.FrameworkServlet.processRequest(FrameworkServlet.java:1003) ~[ame-backend-5.6.0-win.exe:6.0.2]
	at org.springframework.web.servlet.FrameworkServlet.doPost(FrameworkServlet.java:906) ~[ame-backend-5.6.0-win.exe:6.0.2]
	at jakarta.servlet.http.HttpServlet.service(HttpServlet.java:731) ~[ame-backend-5.6.0-win.exe:6.0]
	at org.springframework.web.servlet.FrameworkServlet.service(FrameworkServlet.java:880) ~[ame-backend-5.6.0-win.exe:6.0.2]
	at jakarta.servlet.http.HttpServlet.service(HttpServlet.java:814) ~[ame-backend-5.6.0-win.exe:6.0]
	at org.apache.catalina.core.ApplicationFilterChain.internalDoFilter(ApplicationFilterChain.java:223) ~[na:na]
	at org.apache.catalina.core.ApplicationFilterChain.doFilter(ApplicationFilterChain.java:158) ~[na:na]
	at org.apache.tomcat.websocket.server.WsFilter.doFilter(WsFilter.java:53) ~[ame-backend-5.6.0-win.exe:10.1.1]
	at org.apache.catalina.core.ApplicationFilterChain.internalDoFilter(ApplicationFilterChain.java:185) ~[na:na]
	at org.apache.catalina.core.ApplicationFilterChain.doFilter(ApplicationFilterChain.java:158) ~[na:na]
	at org.springframework.security.web.FilterChainProxy.lambda$doFilterInternal$3(FilterChainProxy.java:231) ~[ame-backend-5.6.0-win.exe:6.0.0]
	at org.springframework.security.web.FilterChainProxy$VirtualFilterChain.doFilter(FilterChainProxy.java:365) ~[na:na]
	at org.springframework.security.web.access.intercept.AuthorizationFilter.doFilter(AuthorizationFilter.java:100) ~[ame-backend-5.6.0-win.exe:6.0.0]
	at org.springframework.security.web.FilterChainProxy$VirtualFilterChain.doFilter(FilterChainProxy.java:374) ~[na:na]
	at org.springframework.security.web.access.ExceptionTranslationFilter.doFilter(ExceptionTranslationFilter.java:126) ~[ame-backend-5.6.0-win.exe:6.0.0]
	at org.springframework.security.web.access.ExceptionTranslationFilter.doFilter(ExceptionTranslationFilter.java:120) ~[ame-backend-5.6.0-win.exe:6.0.0]
	at org.springframework.security.web.FilterChainProxy$VirtualFilterChain.doFilter(FilterChainProxy.java:374) ~[na:na]
	at org.springframework.security.web.authentication.AnonymousAuthenticationFilter.doFilter(AnonymousAuthenticationFilter.java:100) ~[na:na]
	at org.springframework.security.web.FilterChainProxy$VirtualFilterChain.doFilter(FilterChainProxy.java:374) ~[na:na]
	at org.springframework.security.web.servletapi.SecurityContextHolderAwareRequestFilter.doFilter(SecurityContextHolderAwareRequestFilter.java:179) ~[ame-backend-5.6.0-win.exe:6.0.0]
	at org.springframework.security.web.FilterChainProxy$VirtualFilterChain.doFilter(FilterChainProxy.java:374) ~[na:na]
	at org.springframework.security.web.savedrequest.RequestCacheAwareFilter.doFilter(RequestCacheAwareFilter.java:63) ~[ame-backend-5.6.0-win.exe:6.0.0]
	at org.springframework.security.web.FilterChainProxy$VirtualFilterChain.doFilter(FilterChainProxy.java:374) ~[na:na]
	at org.springframework.security.web.authentication.logout.LogoutFilter.doFilter(LogoutFilter.java:107) ~[ame-backend-5.6.0-win.exe:6.0.0]
	at org.springframework.security.web.authentication.logout.LogoutFilter.doFilter(LogoutFilter.java:93) ~[ame-backend-5.6.0-win.exe:6.0.0]
	at org.springframework.security.web.FilterChainProxy$VirtualFilterChain.doFilter(FilterChainProxy.java:374) ~[na:na]
	at org.springframework.security.web.header.HeaderWriterFilter.doHeadersAfter(HeaderWriterFilter.java:90) ~[ame-backend-5.6.0-win.exe:6.0.0]
	at org.springframework.security.web.header.HeaderWriterFilter.doFilterInternal(HeaderWriterFilter.java:75) ~[ame-backend-5.6.0-win.exe:6.0.0]
	at org.springframework.web.filter.OncePerRequestFilter.doFilter(OncePerRequestFilter.java:116) ~[ame-backend-5.6.0-win.exe:6.0.2]
	at org.springframework.security.web.FilterChainProxy$VirtualFilterChain.doFilter(FilterChainProxy.java:374) ~[na:na]
	at org.springframework.security.web.context.SecurityContextHolderFilter.doFilterInternal(SecurityContextHolderFilter.java:69) ~[ame-backend-5.6.0-win.exe:6.0.0]
	at org.springframework.web.filter.OncePerRequestFilter.doFilter(OncePerRequestFilter.java:116) ~[ame-backend-5.6.0-win.exe:6.0.2]
	at org.springframework.security.web.FilterChainProxy$VirtualFilterChain.doFilter(FilterChainProxy.java:374) ~[na:na]
	at org.springframework.security.web.context.request.async.WebAsyncManagerIntegrationFilter.doFilterInternal(WebAsyncManagerIntegrationFilter.java:62) ~[na:na]
	at org.springframework.web.filter.OncePerRequestFilter.doFilter(OncePerRequestFilter.java:116) ~[ame-backend-5.6.0-win.exe:6.0.2]
	at org.springframework.security.web.FilterChainProxy$VirtualFilterChain.doFilter(FilterChainProxy.java:374) ~[na:na]
	at org.springframework.security.web.session.DisableEncodeUrlFilter.doFilterInternal(DisableEncodeUrlFilter.java:42) ~[na:na]
	at org.springframework.web.filter.OncePerRequestFilter.doFilter(OncePerRequestFilter.java:116) ~[ame-backend-5.6.0-win.exe:6.0.2]
	at org.springframework.security.web.FilterChainProxy$VirtualFilterChain.doFilter(FilterChainProxy.java:374) ~[na:na]
	at org.springframework.security.web.FilterChainProxy.doFilterInternal(FilterChainProxy.java:233) ~[ame-backend-5.6.0-win.exe:6.0.0]
	at org.springframework.security.web.FilterChainProxy.doFilter(FilterChainProxy.java:191) ~[ame-backend-5.6.0-win.exe:6.0.0]
	at org.springframework.web.filter.DelegatingFilterProxy.invokeDelegate(DelegatingFilterProxy.java:351) ~[ame-backend-5.6.0-win.exe:6.0.2]
	at org.springframework.web.filter.DelegatingFilterProxy.doFilter(DelegatingFilterProxy.java:267) ~[ame-backend-5.6.0-win.exe:6.0.2]
	at org.apache.catalina.core.ApplicationFilterChain.internalDoFilter(ApplicationFilterChain.java:185) ~[na:na]
	at org.apache.catalina.core.ApplicationFilterChain.doFilter(ApplicationFilterChain.java:158) ~[na:na]
	at org.springframework.web.filter.RequestContextFilter.doFilterInternal(RequestContextFilter.java:100) ~[ame-backend-5.6.0-win.exe:6.0.2]
	at org.springframework.web.filter.OncePerRequestFilter.doFilter(OncePerRequestFilter.java:116) ~[ame-backend-5.6.0-win.exe:6.0.2]
	at org.apache.catalina.core.ApplicationFilterChain.internalDoFilter(ApplicationFilterChain.java:185) ~[na:na]
	at org.apache.catalina.core.ApplicationFilterChain.doFilter(ApplicationFilterChain.java:158) ~[na:na]
	at org.springframework.web.filter.FormContentFilter.doFilterInternal(FormContentFilter.java:93) ~[ame-backend-5.6.0-win.exe:6.0.2]
	at org.springframework.web.filter.OncePerRequestFilter.doFilter(OncePerRequestFilter.java:116) ~[ame-backend-5.6.0-win.exe:6.0.2]
	at org.apache.catalina.core.ApplicationFilterChain.internalDoFilter(ApplicationFilterChain.java:185) ~[na:na]
	at org.apache.catalina.core.ApplicationFilterChain.doFilter(ApplicationFilterChain.java:158) ~[na:na]
	at org.springframework.web.filter.CharacterEncodingFilter.doFilterInternal(CharacterEncodingFilter.java:201) ~[ame-backend-5.6.0-win.exe:6.0.2]
	at org.springframework.web.filter.OncePerRequestFilter.doFilter(OncePerRequestFilter.java:116) ~[ame-backend-5.6.0-win.exe:6.0.2]
	at org.apache.catalina.core.ApplicationFilterChain.internalDoFilter(ApplicationFilterChain.java:185) ~[na:na]
	at org.apache.catalina.core.ApplicationFilterChain.doFilter(ApplicationFilterChain.java:158) ~[na:na]
	at org.apache.catalina.core.StandardWrapperValve.invoke(StandardWrapperValve.java:197) ~[na:na]
	at org.apache.catalina.core.StandardContextValve.invoke(StandardContextValve.java:97) ~[na:na]
	at org.apache.catalina.authenticator.AuthenticatorBase.invoke(AuthenticatorBase.java:542) ~[ame-backend-5.6.0-win.exe:10.1.1]
	at org.apache.catalina.core.StandardHostValve.invoke(StandardHostValve.java:119) ~[na:na]
	at org.apache.catalina.valves.ErrorReportValve.invoke(ErrorReportValve.java:92) ~[ame-backend-5.6.0-win.exe:10.1.1]
	at org.apache.catalina.core.StandardEngineValve.invoke(StandardEngineValve.java:78) ~[na:na]
	at org.apache.catalina.connector.CoyoteAdapter.service(CoyoteAdapter.java:357) ~[na:na]
	at org.apache.coyote.http11.Http11Processor.service(Http11Processor.java:400) ~[na:na]
	at org.apache.coyote.AbstractProcessorLight.process(AbstractProcessorLight.java:65) ~[ame-backend-5.6.0-win.exe:10.1.1]
	at org.apache.coyote.AbstractProtocol$ConnectionHandler.process(AbstractProtocol.java:861) ~[na:na]
	at org.apache.tomcat.util.net.NioEndpoint$SocketProcessor.doRun(NioEndpoint.java:1739) ~[na:na]
	at org.apache.tomcat.util.net.SocketProcessorBase.run(SocketProcessorBase.java:52) ~[ame-backend-5.6.0-win.exe:10.1.1]
	at org.apache.tomcat.util.threads.ThreadPoolExecutor.runWorker(ThreadPoolExecutor.java:1191) ~[na:na]
	at org.apache.tomcat.util.threads.ThreadPoolExecutor$Worker.run(ThreadPoolExecutor.java:659) ~[na:na]
	at org.apache.tomcat.util.threads.TaskThread$WrappingRunnable.run(TaskThread.java:61) ~[na:na]
	at java.base@17.0.6/java.lang.Thread.run(Thread.java:833) ~[ame-backend-5.6.0-win.exe:na]
	at org.graalvm.nativeimage.builder/com.oracle.svm.core.thread.PlatformThreads.threadStartRoutine(PlatformThreads.java:775) ~[ame-backend-5.6.0-win.exe:na]
	at org.graalvm.nativeimage.builder/com.oracle.svm.core.windows.WindowsPlatformThreads.osThreadStartRoutine(WindowsPlatformThreads.java:178) ~[na:na]

2024-07-17T12:50:12.733+02:00 ERROR 33408 --- [http-nio-127.0.0.1-30001-exec-3] o.a.c.c.C.[.[.[.[dispatcherServlet]      : Servlet.service() for servlet [dispatcherServlet] in context with path [/ame/api] threw exception [Request processing failed: org.eclipse.esmf.aspectmodel.urn.UrnSyntaxException: The namespace must match [a-zA-Z][a-zA-Z0-9]{1,62}\.[a-zA-Z0-9-]{1,63}(\.[a-zA-Z0-9_-]{1,63})*.] with root cause

org.eclipse.esmf.aspectmodel.urn.UrnSyntaxException: The namespace must match [a-zA-Z][a-zA-Z0-9]{1,62}\.[a-zA-Z0-9-]{1,63}(\.[a-zA-Z0-9_-]{1,63})*.
	at org.eclipse.esmf.aspectmodel.urn.AspectModelUrn.checkUrn(AspectModelUrn.java:376) ~[ame-backend-5.6.0-win.exe:na]
	at org.eclipse.esmf.aspectmodel.urn.AspectModelUrn.fromUrn(AspectModelUrn.java:135) ~[ame-backend-5.6.0-win.exe:na]
	at org.eclipse.esmf.aspectmodel.urn.AspectModelUrn.fromUrn(AspectModelUrn.java:101) ~[ame-backend-5.6.0-win.exe:na]
	at org.eclipse.esmf.ame.resolver.strategy.ResolutionStrategy.getAspectModelUrn(ResolutionStrategy.java:165) ~[ame-backend-5.6.0-win.exe:na]
	at org.eclipse.esmf.ame.resolver.strategy.utils.ResolverUtils.getPrettyPrintedModel(ResolverUtils.java:136) ~[na:na]
	at org.eclipse.esmf.ame.services.ModelService.getFormattedModel(ModelService.java:167) ~[ame-backend-5.6.0-win.exe:na]
	at org.eclipse.esmf.ame.api.ModelController.getFormattedModel(ModelController.java:127) ~[ame-backend-5.6.0-win.exe:na]
	at java.base@17.0.6/java.lang.reflect.Method.invoke(Method.java:568) ~[ame-backend-5.6.0-win.exe:na]
	at org.springframework.web.method.support.InvocableHandlerMethod.doInvoke(InvocableHandlerMethod.java:207) ~[ame-backend-5.6.0-win.exe:6.0.2]
	at org.springframework.web.method.support.InvocableHandlerMethod.invokeForRequest(InvocableHandlerMethod.java:152) ~[ame-backend-5.6.0-win.exe:6.0.2]
	at org.springframework.web.servlet.mvc.method.annotation.ServletInvocableHandlerMethod.invokeAndHandle(ServletInvocableHandlerMethod.java:117) ~[ame-backend-5.6.0-win.exe:6.0.2]
	at org.springframework.web.servlet.mvc.method.annotation.RequestMappingHandlerAdapter.invokeHandlerMethod(RequestMappingHandlerAdapter.java:884) ~[ame-backend-5.6.0-win.exe:6.0.2]
	at org.springframework.web.servlet.mvc.method.annotation.RequestMappingHandlerAdapter.handleInternal(RequestMappingHandlerAdapter.java:797) ~[ame-backend-5.6.0-win.exe:6.0.2]
	at org.springframework.web.servlet.mvc.method.AbstractHandlerMethodAdapter.handle(AbstractHandlerMethodAdapter.java:87) ~[ame-backend-5.6.0-win.exe:6.0.2]
	at org.springframework.web.servlet.DispatcherServlet.doDispatch(DispatcherServlet.java:1080) ~[ame-backend-5.6.0-win.exe:6.0.2]
	at org.springframework.web.servlet.DispatcherServlet.doService(DispatcherServlet.java:973) ~[ame-backend-5.6.0-win.exe:6.0.2]
	at org.springframework.web.servlet.FrameworkServlet.processRequest(FrameworkServlet.java:1003) ~[ame-backend-5.6.0-win.exe:6.0.2]
	at org.springframework.web.servlet.FrameworkServlet.doPost(FrameworkServlet.java:906) ~[ame-backend-5.6.0-win.exe:6.0.2]
	at jakarta.servlet.http.HttpServlet.service(HttpServlet.java:731) ~[ame-backend-5.6.0-win.exe:6.0]
	at org.springframework.web.servlet.FrameworkServlet.service(FrameworkServlet.java:880) ~[ame-backend-5.6.0-win.exe:6.0.2]
	at jakarta.servlet.http.HttpServlet.service(HttpServlet.java:814) ~[ame-backend-5.6.0-win.exe:6.0]
	at org.apache.catalina.core.ApplicationFilterChain.internalDoFilter(ApplicationFilterChain.java:223) ~[na:na]
	at org.apache.catalina.core.ApplicationFilterChain.doFilter(ApplicationFilterChain.java:158) ~[na:na]
	at org.apache.tomcat.websocket.server.WsFilter.doFilter(WsFilter.java:53) ~[ame-backend-5.6.0-win.exe:10.1.1]
	at org.apache.catalina.core.ApplicationFilterChain.internalDoFilter(ApplicationFilterChain.java:185) ~[na:na]
	at org.apache.catalina.core.ApplicationFilterChain.doFilter(ApplicationFilterChain.java:158) ~[na:na]
	at org.springframework.security.web.FilterChainProxy.lambda$doFilterInternal$3(FilterChainProxy.java:231) ~[ame-backend-5.6.0-win.exe:6.0.0]
	at org.springframework.security.web.FilterChainProxy$VirtualFilterChain.doFilter(FilterChainProxy.java:365) ~[na:na]
	at org.springframework.security.web.access.intercept.AuthorizationFilter.doFilter(AuthorizationFilter.java:100) ~[ame-backend-5.6.0-win.exe:6.0.0]
	at org.springframework.security.web.FilterChainProxy$VirtualFilterChain.doFilter(FilterChainProxy.java:374) ~[na:na]
	at org.springframework.security.web.access.ExceptionTranslationFilter.doFilter(ExceptionTranslationFilter.java:126) ~[ame-backend-5.6.0-win.exe:6.0.0]
	at org.springframework.security.web.access.ExceptionTranslationFilter.doFilter(ExceptionTranslationFilter.java:120) ~[ame-backend-5.6.0-win.exe:6.0.0]
	at org.springframework.security.web.FilterChainProxy$VirtualFilterChain.doFilter(FilterChainProxy.java:374) ~[na:na]
	at org.springframework.security.web.authentication.AnonymousAuthenticationFilter.doFilter(AnonymousAuthenticationFilter.java:100) ~[na:na]
	at org.springframework.security.web.FilterChainProxy$VirtualFilterChain.doFilter(FilterChainProxy.java:374) ~[na:na]
	at org.springframework.security.web.servletapi.SecurityContextHolderAwareRequestFilter.doFilter(SecurityContextHolderAwareRequestFilter.java:179) ~[ame-backend-5.6.0-win.exe:6.0.0]
	at org.springframework.security.web.FilterChainProxy$VirtualFilterChain.doFilter(FilterChainProxy.java:374) ~[na:na]
	at org.springframework.security.web.savedrequest.RequestCacheAwareFilter.doFilter(RequestCacheAwareFilter.java:63) ~[ame-backend-5.6.0-win.exe:6.0.0]
	at org.springframework.security.web.FilterChainProxy$VirtualFilterChain.doFilter(FilterChainProxy.java:374) ~[na:na]
	at org.springframework.security.web.authentication.logout.LogoutFilter.doFilter(LogoutFilter.java:107) ~[ame-backend-5.6.0-win.exe:6.0.0]
	at org.springframework.security.web.authentication.logout.LogoutFilter.doFilter(LogoutFilter.java:93) ~[ame-backend-5.6.0-win.exe:6.0.0]
	at org.springframework.security.web.FilterChainProxy$VirtualFilterChain.doFilter(FilterChainProxy.java:374) ~[na:na]
	at org.springframework.security.web.header.HeaderWriterFilter.doHeadersAfter(HeaderWriterFilter.java:90) ~[ame-backend-5.6.0-win.exe:6.0.0]
	at org.springframework.security.web.header.HeaderWriterFilter.doFilterInternal(HeaderWriterFilter.java:75) ~[ame-backend-5.6.0-win.exe:6.0.0]
	at org.springframework.web.filter.OncePerRequestFilter.doFilter(OncePerRequestFilter.java:116) ~[ame-backend-5.6.0-win.exe:6.0.2]
	at org.springframework.security.web.FilterChainProxy$VirtualFilterChain.doFilter(FilterChainProxy.java:374) ~[na:na]
	at org.springframework.security.web.context.SecurityContextHolderFilter.doFilterInternal(SecurityContextHolderFilter.java:69) ~[ame-backend-5.6.0-win.exe:6.0.0]
	at org.springframework.web.filter.OncePerRequestFilter.doFilter(OncePerRequestFilter.java:116) ~[ame-backend-5.6.0-win.exe:6.0.2]
	at org.springframework.security.web.FilterChainProxy$VirtualFilterChain.doFilter(FilterChainProxy.java:374) ~[na:na]
	at org.springframework.security.web.context.request.async.WebAsyncManagerIntegrationFilter.doFilterInternal(WebAsyncManagerIntegrationFilter.java:62) ~[na:na]
	at org.springframework.web.filter.OncePerRequestFilter.doFilter(OncePerRequestFilter.java:116) ~[ame-backend-5.6.0-win.exe:6.0.2]
	at org.springframework.security.web.FilterChainProxy$VirtualFilterChain.doFilter(FilterChainProxy.java:374) ~[na:na]
	at org.springframework.security.web.session.DisableEncodeUrlFilter.doFilterInternal(DisableEncodeUrlFilter.java:42) ~[na:na]
	at org.springframework.web.filter.OncePerRequestFilter.doFilter(OncePerRequestFilter.java:116) ~[ame-backend-5.6.0-win.exe:6.0.2]
	at org.springframework.security.web.FilterChainProxy$VirtualFilterChain.doFilter(FilterChainProxy.java:374) ~[na:na]
	at org.springframework.security.web.FilterChainProxy.doFilterInternal(FilterChainProxy.java:233) ~[ame-backend-5.6.0-win.exe:6.0.0]
	at org.springframework.security.web.FilterChainProxy.doFilter(FilterChainProxy.java:191) ~[ame-backend-5.6.0-win.exe:6.0.0]
	at org.springframework.web.filter.DelegatingFilterProxy.invokeDelegate(DelegatingFilterProxy.java:351) ~[ame-backend-5.6.0-win.exe:6.0.2]
	at org.springframework.web.filter.DelegatingFilterProxy.doFilter(DelegatingFilterProxy.java:267) ~[ame-backend-5.6.0-win.exe:6.0.2]
	at org.apache.catalina.core.ApplicationFilterChain.internalDoFilter(ApplicationFilterChain.java:185) ~[na:na]
	at org.apache.catalina.core.ApplicationFilterChain.doFilter(ApplicationFilterChain.java:158) ~[na:na]
	at org.springframework.web.filter.RequestContextFilter.doFilterInternal(RequestContextFilter.java:100) ~[ame-backend-5.6.0-win.exe:6.0.2]
	at org.springframework.web.filter.OncePerRequestFilter.doFilter(OncePerRequestFilter.java:116) ~[ame-backend-5.6.0-win.exe:6.0.2]
	at org.apache.catalina.core.ApplicationFilterChain.internalDoFilter(ApplicationFilterChain.java:185) ~[na:na]
	at org.apache.catalina.core.ApplicationFilterChain.doFilter(ApplicationFilterChain.java:158) ~[na:na]
	at org.springframework.web.filter.FormContentFilter.doFilterInternal(FormContentFilter.java:93) ~[ame-backend-5.6.0-win.exe:6.0.2]
	at org.springframework.web.filter.OncePerRequestFilter.doFilter(OncePerRequestFilter.java:116) ~[ame-backend-5.6.0-win.exe:6.0.2]
	at org.apache.catalina.core.ApplicationFilterChain.internalDoFilter(ApplicationFilterChain.java:185) ~[na:na]
	at org.apache.catalina.core.ApplicationFilterChain.doFilter(ApplicationFilterChain.java:158) ~[na:na]
	at org.springframework.web.filter.CharacterEncodingFilter.doFilterInternal(CharacterEncodingFilter.java:201) ~[ame-backend-5.6.0-win.exe:6.0.2]
	at org.springframework.web.filter.OncePerRequestFilter.doFilter(OncePerRequestFilter.java:116) ~[ame-backend-5.6.0-win.exe:6.0.2]
	at org.apache.catalina.core.ApplicationFilterChain.internalDoFilter(ApplicationFilterChain.java:185) ~[na:na]
	at org.apache.catalina.core.ApplicationFilterChain.doFilter(ApplicationFilterChain.java:158) ~[na:na]
	at org.apache.catalina.core.StandardWrapperValve.invoke(StandardWrapperValve.java:197) ~[na:na]
	at org.apache.catalina.core.StandardContextValve.invoke(StandardContextValve.java:97) ~[na:na]
	at org.apache.catalina.authenticator.AuthenticatorBase.invoke(AuthenticatorBase.java:542) ~[ame-backend-5.6.0-win.exe:10.1.1]
	at org.apache.catalina.core.StandardHostValve.invoke(StandardHostValve.java:119) ~[na:na]
	at org.apache.catalina.valves.ErrorReportValve.invoke(ErrorReportValve.java:92) ~[ame-backend-5.6.0-win.exe:10.1.1]
	at org.apache.catalina.core.StandardEngineValve.invoke(StandardEngineValve.java:78) ~[na:na]
	at org.apache.catalina.connector.CoyoteAdapter.service(CoyoteAdapter.java:357) ~[na:na]
	at org.apache.coyote.http11.Http11Processor.service(Http11Processor.java:400) ~[na:na]
	at org.apache.coyote.AbstractProcessorLight.process(AbstractProcessorLight.java:65) ~[ame-backend-5.6.0-win.exe:10.1.1]
	at org.apache.coyote.AbstractProtocol$ConnectionHandler.process(AbstractProtocol.java:861) ~[na:na]
	at org.apache.tomcat.util.net.NioEndpoint$SocketProcessor.doRun(NioEndpoint.java:1739) ~[na:na]
	at org.apache.tomcat.util.net.SocketProcessorBase.run(SocketProcessorBase.java:52) ~[ame-backend-5.6.0-win.exe:10.1.1]
	at org.apache.tomcat.util.threads.ThreadPoolExecutor.runWorker(ThreadPoolExecutor.java:1191) ~[na:na]
	at org.apache.tomcat.util.threads.ThreadPoolExecutor$Worker.run(ThreadPoolExecutor.java:659) ~[na:na]
	at org.apache.tomcat.util.threads.TaskThread$WrappingRunnable.run(TaskThread.java:61) ~[na:na]
	at java.base@17.0.6/java.lang.Thread.run(Thread.java:833) ~[ame-backend-5.6.0-win.exe:na]
	at org.graalvm.nativeimage.builder/com.oracle.svm.core.thread.PlatformThreads.threadStartRoutine(PlatformThreads.java:775) ~[ame-backend-5.6.0-win.exe:na]
	at org.graalvm.nativeimage.builder/com.oracle.svm.core.windows.WindowsPlatformThreads.osThreadStartRoutine(WindowsPlatformThreads.java:178) ~[na:na]

2024-07-17T12:50:21.470+02:00 ERROR 33408 --- [http-nio-127.0.0.1-30001-exec-5] o.a.c.c.C.[.[.[.[dispatcherServlet]      : Servlet.service() for servlet [dispatcherServlet] in context with path [/ame/api] threw exception [Request processing failed: org.eclipse.esmf.aspectmodel.urn.UrnSyntaxException: The namespace must match [a-zA-Z][a-zA-Z0-9]{1,62}\.[a-zA-Z0-9-]{1,63}(\.[a-zA-Z0-9_-]{1,63})*.] with root cause

org.eclipse.esmf.aspectmodel.urn.UrnSyntaxException: The namespace must match [a-zA-Z][a-zA-Z0-9]{1,62}\.[a-zA-Z0-9-]{1,63}(\.[a-zA-Z0-9_-]{1,63})*.
	at org.eclipse.esmf.aspectmodel.urn.AspectModelUrn.checkUrn(AspectModelUrn.java:376) ~[ame-backend-5.6.0-win.exe:na]
	at org.eclipse.esmf.aspectmodel.urn.AspectModelUrn.fromUrn(AspectModelUrn.java:135) ~[ame-backend-5.6.0-win.exe:na]
	at org.eclipse.esmf.aspectmodel.urn.AspectModelUrn.fromUrn(AspectModelUrn.java:101) ~[ame-backend-5.6.0-win.exe:na]
	at org.eclipse.esmf.ame.resolver.strategy.ResolutionStrategy.getAspectModelUrn(ResolutionStrategy.java:165) ~[ame-backend-5.6.0-win.exe:na]
	at org.eclipse.esmf.ame.resolver.strategy.utils.ResolverUtils.getPrettyPrintedModel(ResolverUtils.java:136) ~[na:na]
	at org.eclipse.esmf.ame.services.ModelService.getFormattedModel(ModelService.java:167) ~[ame-backend-5.6.0-win.exe:na]
	at org.eclipse.esmf.ame.api.ModelController.getFormattedModel(ModelController.java:127) ~[ame-backend-5.6.0-win.exe:na]
	at java.base@17.0.6/java.lang.reflect.Method.invoke(Method.java:568) ~[ame-backend-5.6.0-win.exe:na]
	at org.springframework.web.method.support.InvocableHandlerMethod.doInvoke(InvocableHandlerMethod.java:207) ~[ame-backend-5.6.0-win.exe:6.0.2]
	at org.springframework.web.method.support.InvocableHandlerMethod.invokeForRequest(InvocableHandlerMethod.java:152) ~[ame-backend-5.6.0-win.exe:6.0.2]
	at org.springframework.web.servlet.mvc.method.annotation.ServletInvocableHandlerMethod.invokeAndHandle(ServletInvocableHandlerMethod.java:117) ~[ame-backend-5.6.0-win.exe:6.0.2]
	at org.springframework.web.servlet.mvc.method.annotation.RequestMappingHandlerAdapter.invokeHandlerMethod(RequestMappingHandlerAdapter.java:884) ~[ame-backend-5.6.0-win.exe:6.0.2]
	at org.springframework.web.servlet.mvc.method.annotation.RequestMappingHandlerAdapter.handleInternal(RequestMappingHandlerAdapter.java:797) ~[ame-backend-5.6.0-win.exe:6.0.2]
	at org.springframework.web.servlet.mvc.method.AbstractHandlerMethodAdapter.handle(AbstractHandlerMethodAdapter.java:87) ~[ame-backend-5.6.0-win.exe:6.0.2]
	at org.springframework.web.servlet.DispatcherServlet.doDispatch(DispatcherServlet.java:1080) ~[ame-backend-5.6.0-win.exe:6.0.2]
	at org.springframework.web.servlet.DispatcherServlet.doService(DispatcherServlet.java:973) ~[ame-backend-5.6.0-win.exe:6.0.2]
	at org.springframework.web.servlet.FrameworkServlet.processRequest(FrameworkServlet.java:1003) ~[ame-backend-5.6.0-win.exe:6.0.2]
	at org.springframework.web.servlet.FrameworkServlet.doPost(FrameworkServlet.java:906) ~[ame-backend-5.6.0-win.exe:6.0.2]
	at jakarta.servlet.http.HttpServlet.service(HttpServlet.java:731) ~[ame-backend-5.6.0-win.exe:6.0]
	at org.springframework.web.servlet.FrameworkServlet.service(FrameworkServlet.java:880) ~[ame-backend-5.6.0-win.exe:6.0.2]
	at jakarta.servlet.http.HttpServlet.service(HttpServlet.java:814) ~[ame-backend-5.6.0-win.exe:6.0]
	at org.apache.catalina.core.ApplicationFilterChain.internalDoFilter(ApplicationFilterChain.java:223) ~[na:na]
	at org.apache.catalina.core.ApplicationFilterChain.doFilter(ApplicationFilterChain.java:158) ~[na:na]
	at org.apache.tomcat.websocket.server.WsFilter.doFilter(WsFilter.java:53) ~[ame-backend-5.6.0-win.exe:10.1.1]
	at org.apache.catalina.core.ApplicationFilterChain.internalDoFilter(ApplicationFilterChain.java:185) ~[na:na]
	at org.apache.catalina.core.ApplicationFilterChain.doFilter(ApplicationFilterChain.java:158) ~[na:na]
	at org.springframework.security.web.FilterChainProxy.lambda$doFilterInternal$3(FilterChainProxy.java:231) ~[ame-backend-5.6.0-win.exe:6.0.0]
	at org.springframework.security.web.FilterChainProxy$VirtualFilterChain.doFilter(FilterChainProxy.java:365) ~[na:na]
	at org.springframework.security.web.access.intercept.AuthorizationFilter.doFilter(AuthorizationFilter.java:100) ~[ame-backend-5.6.0-win.exe:6.0.0]
	at org.springframework.security.web.FilterChainProxy$VirtualFilterChain.doFilter(FilterChainProxy.java:374) ~[na:na]
	at org.springframework.security.web.access.ExceptionTranslationFilter.doFilter(ExceptionTranslationFilter.java:126) ~[ame-backend-5.6.0-win.exe:6.0.0]
	at org.springframework.security.web.access.ExceptionTranslationFilter.doFilter(ExceptionTranslationFilter.java:120) ~[ame-backend-5.6.0-win.exe:6.0.0]
	at org.springframework.security.web.FilterChainProxy$VirtualFilterChain.doFilter(FilterChainProxy.java:374) ~[na:na]
	at org.springframework.security.web.authentication.AnonymousAuthenticationFilter.doFilter(AnonymousAuthenticationFilter.java:100) ~[na:na]
	at org.springframework.security.web.FilterChainProxy$VirtualFilterChain.doFilter(FilterChainProxy.java:374) ~[na:na]
	at org.springframework.security.web.servletapi.SecurityContextHolderAwareRequestFilter.doFilter(SecurityContextHolderAwareRequestFilter.java:179) ~[ame-backend-5.6.0-win.exe:6.0.0]
	at org.springframework.security.web.FilterChainProxy$VirtualFilterChain.doFilter(FilterChainProxy.java:374) ~[na:na]
	at org.springframework.security.web.savedrequest.RequestCacheAwareFilter.doFilter(RequestCacheAwareFilter.java:63) ~[ame-backend-5.6.0-win.exe:6.0.0]
	at org.springframework.security.web.FilterChainProxy$VirtualFilterChain.doFilter(FilterChainProxy.java:374) ~[na:na]
	at org.springframework.security.web.authentication.logout.LogoutFilter.doFilter(LogoutFilter.java:107) ~[ame-backend-5.6.0-win.exe:6.0.0]
	at org.springframework.security.web.authentication.logout.LogoutFilter.doFilter(LogoutFilter.java:93) ~[ame-backend-5.6.0-win.exe:6.0.0]
	at org.springframework.security.web.FilterChainProxy$VirtualFilterChain.doFilter(FilterChainProxy.java:374) ~[na:na]
	at org.springframework.security.web.header.HeaderWriterFilter.doHeadersAfter(HeaderWriterFilter.java:90) ~[ame-backend-5.6.0-win.exe:6.0.0]
	at org.springframework.security.web.header.HeaderWriterFilter.doFilterInternal(HeaderWriterFilter.java:75) ~[ame-backend-5.6.0-win.exe:6.0.0]
	at org.springframework.web.filter.OncePerRequestFilter.doFilter(OncePerRequestFilter.java:116) ~[ame-backend-5.6.0-win.exe:6.0.2]
	at org.springframework.security.web.FilterChainProxy$VirtualFilterChain.doFilter(FilterChainProxy.java:374) ~[na:na]
	at org.springframework.security.web.context.SecurityContextHolderFilter.doFilterInternal(SecurityContextHolderFilter.java:69) ~[ame-backend-5.6.0-win.exe:6.0.0]
	at org.springframework.web.filter.OncePerRequestFilter.doFilter(OncePerRequestFilter.java:116) ~[ame-backend-5.6.0-win.exe:6.0.2]
	at org.springframework.security.web.FilterChainProxy$VirtualFilterChain.doFilter(FilterChainProxy.java:374) ~[na:na]
	at org.springframework.security.web.context.request.async.WebAsyncManagerIntegrationFilter.doFilterInternal(WebAsyncManagerIntegrationFilter.java:62) ~[na:na]
	at org.springframework.web.filter.OncePerRequestFilter.doFilter(OncePerRequestFilter.java:116) ~[ame-backend-5.6.0-win.exe:6.0.2]
	at org.springframework.security.web.FilterChainProxy$VirtualFilterChain.doFilter(FilterChainProxy.java:374) ~[na:na]
	at org.springframework.security.web.session.DisableEncodeUrlFilter.doFilterInternal(DisableEncodeUrlFilter.java:42) ~[na:na]
	at org.springframework.web.filter.OncePerRequestFilter.doFilter(OncePerRequestFilter.java:116) ~[ame-backend-5.6.0-win.exe:6.0.2]
	at org.springframework.security.web.FilterChainProxy$VirtualFilterChain.doFilter(FilterChainProxy.java:374) ~[na:na]
	at org.springframework.security.web.FilterChainProxy.doFilterInternal(FilterChainProxy.java:233) ~[ame-backend-5.6.0-win.exe:6.0.0]
	at org.springframework.security.web.FilterChainProxy.doFilter(FilterChainProxy.java:191) ~[ame-backend-5.6.0-win.exe:6.0.0]
	at org.springframework.web.filter.DelegatingFilterProxy.invokeDelegate(DelegatingFilterProxy.java:351) ~[ame-backend-5.6.0-win.exe:6.0.2]
	at org.springframework.web.filter.DelegatingFilterProxy.doFilter(DelegatingFilterProxy.java:267) ~[ame-backend-5.6.0-win.exe:6.0.2]
	at org.apache.catalina.core.ApplicationFilterChain.internalDoFilter(ApplicationFilterChain.java:185) ~[na:na]
	at org.apache.catalina.core.ApplicationFilterChain.doFilter(ApplicationFilterChain.java:158) ~[na:na]
	at org.springframework.web.filter.RequestContextFilter.doFilterInternal(RequestContextFilter.java:100) ~[ame-backend-5.6.0-win.exe:6.0.2]
	at org.springframework.web.filter.OncePerRequestFilter.doFilter(OncePerRequestFilter.java:116) ~[ame-backend-5.6.0-win.exe:6.0.2]
	at org.apache.catalina.core.ApplicationFilterChain.internalDoFilter(ApplicationFilterChain.java:185) ~[na:na]
	at org.apache.catalina.core.ApplicationFilterChain.doFilter(ApplicationFilterChain.java:158) ~[na:na]
	at org.springframework.web.filter.FormContentFilter.doFilterInternal(FormContentFilter.java:93) ~[ame-backend-5.6.0-win.exe:6.0.2]
	at org.springframework.web.filter.OncePerRequestFilter.doFilter(OncePerRequestFilter.java:116) ~[ame-backend-5.6.0-win.exe:6.0.2]
	at org.apache.catalina.core.ApplicationFilterChain.internalDoFilter(ApplicationFilterChain.java:185) ~[na:na]
	at org.apache.catalina.core.ApplicationFilterChain.doFilter(ApplicationFilterChain.java:158) ~[na:na]
	at org.springframework.web.filter.CharacterEncodingFilter.doFilterInternal(CharacterEncodingFilter.java:201) ~[ame-backend-5.6.0-win.exe:6.0.2]
	at org.springframework.web.filter.OncePerRequestFilter.doFilter(OncePerRequestFilter.java:116) ~[ame-backend-5.6.0-win.exe:6.0.2]
	at org.apache.catalina.core.ApplicationFilterChain.internalDoFilter(ApplicationFilterChain.java:185) ~[na:na]
	at org.apache.catalina.core.ApplicationFilterChain.doFilter(ApplicationFilterChain.java:158) ~[na:na]
	at org.apache.catalina.core.StandardWrapperValve.invoke(StandardWrapperValve.java:197) ~[na:na]
	at org.apache.catalina.core.StandardContextValve.invoke(StandardContextValve.java:97) ~[na:na]
	at org.apache.catalina.authenticator.AuthenticatorBase.invoke(AuthenticatorBase.java:542) ~[ame-backend-5.6.0-win.exe:10.1.1]
	at org.apache.catalina.core.StandardHostValve.invoke(StandardHostValve.java:119) ~[na:na]
	at org.apache.catalina.valves.ErrorReportValve.invoke(ErrorReportValve.java:92) ~[ame-backend-5.6.0-win.exe:10.1.1]
	at org.apache.catalina.core.StandardEngineValve.invoke(StandardEngineValve.java:78) ~[na:na]
	at org.apache.catalina.connector.CoyoteAdapter.service(CoyoteAdapter.java:357) ~[na:na]
	at org.apache.coyote.http11.Http11Processor.service(Http11Processor.java:400) ~[na:na]
	at org.apache.coyote.AbstractProcessorLight.process(AbstractProcessorLight.java:65) ~[ame-backend-5.6.0-win.exe:10.1.1]
	at org.apache.coyote.AbstractProtocol$ConnectionHandler.process(AbstractProtocol.java:861) ~[na:na]
	at org.apache.tomcat.util.net.NioEndpoint$SocketProcessor.doRun(NioEndpoint.java:1739) ~[na:na]
	at org.apache.tomcat.util.net.SocketProcessorBase.run(SocketProcessorBase.java:52) ~[ame-backend-5.6.0-win.exe:10.1.1]
	at org.apache.tomcat.util.threads.ThreadPoolExecutor.runWorker(ThreadPoolExecutor.java:1191) ~[na:na]
	at org.apache.tomcat.util.threads.ThreadPoolExecutor$Worker.run(ThreadPoolExecutor.java:659) ~[na:na]
	at org.apache.tomcat.util.threads.TaskThread$WrappingRunnable.run(TaskThread.java:61) ~[na:na]
	at java.base@17.0.6/java.lang.Thread.run(Thread.java:833) ~[ame-backend-5.6.0-win.exe:na]
	at org.graalvm.nativeimage.builder/com.oracle.svm.core.thread.PlatformThreads.threadStartRoutine(PlatformThreads.java:775) ~[ame-backend-5.6.0-win.exe:na]
	at org.graalvm.nativeimage.builder/com.oracle.svm.core.windows.WindowsPlatformThreads.osThreadStartRoutine(WindowsPlatformThreads.java:178) ~[na:na]

2024-07-17T12:50:35.201+02:00  WARN 33408 --- [http-nio-127.0.0.1-30001-exec-6] org.apache.jena.riot                     : [line: 12, col: 246] Unicode replacement character U+FFFD in string
2024-07-17T12:50:35.204+02:00 ERROR 33408 --- [http-nio-127.0.0.1-30001-exec-6] o.a.c.c.C.[.[.[.[dispatcherServlet]      : Servlet.service() for servlet [dispatcherServlet] in context with path [/ame/api] threw exception [Request processing failed: org.eclipse.esmf.aspectmodel.urn.UrnSyntaxException: The namespace must match [a-zA-Z][a-zA-Z0-9]{1,62}\.[a-zA-Z0-9-]{1,63}(\.[a-zA-Z0-9_-]{1,63})*.] with root cause

org.eclipse.esmf.aspectmodel.urn.UrnSyntaxException: The namespace must match [a-zA-Z][a-zA-Z0-9]{1,62}\.[a-zA-Z0-9-]{1,63}(\.[a-zA-Z0-9_-]{1,63})*.
	at org.eclipse.esmf.aspectmodel.urn.AspectModelUrn.checkUrn(AspectModelUrn.java:376) ~[ame-backend-5.6.0-win.exe:na]
	at org.eclipse.esmf.aspectmodel.urn.AspectModelUrn.fromUrn(AspectModelUrn.java:135) ~[ame-backend-5.6.0-win.exe:na]
	at org.eclipse.esmf.aspectmodel.urn.AspectModelUrn.fromUrn(AspectModelUrn.java:101) ~[ame-backend-5.6.0-win.exe:na]
	at org.eclipse.esmf.ame.resolver.strategy.ResolutionStrategy.getAspectModelUrn(ResolutionStrategy.java:165) ~[ame-backend-5.6.0-win.exe:na]
	at org.eclipse.esmf.ame.resolver.strategy.utils.ResolverUtils.fetchVersionModel(ResolverUtils.java:68) ~[na:na]
	at org.eclipse.esmf.ame.services.ModelService.validateModel(ModelService.java:103) ~[ame-backend-5.6.0-win.exe:na]
	at org.eclipse.esmf.ame.api.ModelController.validateModel(ModelController.java:105) ~[ame-backend-5.6.0-win.exe:na]
	at java.base@17.0.6/java.lang.reflect.Method.invoke(Method.java:568) ~[ame-backend-5.6.0-win.exe:na]
	at org.springframework.web.method.support.InvocableHandlerMethod.doInvoke(InvocableHandlerMethod.java:207) ~[ame-backend-5.6.0-win.exe:6.0.2]
	at org.springframework.web.method.support.InvocableHandlerMethod.invokeForRequest(InvocableHandlerMethod.java:152) ~[ame-backend-5.6.0-win.exe:6.0.2]
	at org.springframework.web.servlet.mvc.method.annotation.ServletInvocableHandlerMethod.invokeAndHandle(ServletInvocableHandlerMethod.java:117) ~[ame-backend-5.6.0-win.exe:6.0.2]
	at org.springframework.web.servlet.mvc.method.annotation.RequestMappingHandlerAdapter.invokeHandlerMethod(RequestMappingHandlerAdapter.java:884) ~[ame-backend-5.6.0-win.exe:6.0.2]
	at org.springframework.web.servlet.mvc.method.annotation.RequestMappingHandlerAdapter.handleInternal(RequestMappingHandlerAdapter.java:797) ~[ame-backend-5.6.0-win.exe:6.0.2]
	at org.springframework.web.servlet.mvc.method.AbstractHandlerMethodAdapter.handle(AbstractHandlerMethodAdapter.java:87) ~[ame-backend-5.6.0-win.exe:6.0.2]
	at org.springframework.web.servlet.DispatcherServlet.doDispatch(DispatcherServlet.java:1080) ~[ame-backend-5.6.0-win.exe:6.0.2]
	at org.springframework.web.servlet.DispatcherServlet.doService(DispatcherServlet.java:973) ~[ame-backend-5.6.0-win.exe:6.0.2]
	at org.springframework.web.servlet.FrameworkServlet.processRequest(FrameworkServlet.java:1003) ~[ame-backend-5.6.0-win.exe:6.0.2]
	at org.springframework.web.servlet.FrameworkServlet.doPost(FrameworkServlet.java:906) ~[ame-backend-5.6.0-win.exe:6.0.2]
	at jakarta.servlet.http.HttpServlet.service(HttpServlet.java:731) ~[ame-backend-5.6.0-win.exe:6.0]
	at org.springframework.web.servlet.FrameworkServlet.service(FrameworkServlet.java:880) ~[ame-backend-5.6.0-win.exe:6.0.2]
	at jakarta.servlet.http.HttpServlet.service(HttpServlet.java:814) ~[ame-backend-5.6.0-win.exe:6.0]
	at org.apache.catalina.core.ApplicationFilterChain.internalDoFilter(ApplicationFilterChain.java:223) ~[na:na]
	at org.apache.catalina.core.ApplicationFilterChain.doFilter(ApplicationFilterChain.java:158) ~[na:na]
	at org.apache.tomcat.websocket.server.WsFilter.doFilter(WsFilter.java:53) ~[ame-backend-5.6.0-win.exe:10.1.1]
	at org.apache.catalina.core.ApplicationFilterChain.internalDoFilter(ApplicationFilterChain.java:185) ~[na:na]
	at org.apache.catalina.core.ApplicationFilterChain.doFilter(ApplicationFilterChain.java:158) ~[na:na]
	at org.springframework.security.web.FilterChainProxy.lambda$doFilterInternal$3(FilterChainProxy.java:231) ~[ame-backend-5.6.0-win.exe:6.0.0]
	at org.springframework.security.web.FilterChainProxy$VirtualFilterChain.doFilter(FilterChainProxy.java:365) ~[na:na]
	at org.springframework.security.web.access.intercept.AuthorizationFilter.doFilter(AuthorizationFilter.java:100) ~[ame-backend-5.6.0-win.exe:6.0.0]
	at org.springframework.security.web.FilterChainProxy$VirtualFilterChain.doFilter(FilterChainProxy.java:374) ~[na:na]
	at org.springframework.security.web.access.ExceptionTranslationFilter.doFilter(ExceptionTranslationFilter.java:126) ~[ame-backend-5.6.0-win.exe:6.0.0]
	at org.springframework.security.web.access.ExceptionTranslationFilter.doFilter(ExceptionTranslationFilter.java:120) ~[ame-backend-5.6.0-win.exe:6.0.0]
	at org.springframework.security.web.FilterChainProxy$VirtualFilterChain.doFilter(FilterChainProxy.java:374) ~[na:na]
	at org.springframework.security.web.authentication.AnonymousAuthenticationFilter.doFilter(AnonymousAuthenticationFilter.java:100) ~[na:na]
	at org.springframework.security.web.FilterChainProxy$VirtualFilterChain.doFilter(FilterChainProxy.java:374) ~[na:na]
	at org.springframework.security.web.servletapi.SecurityContextHolderAwareRequestFilter.doFilter(SecurityContextHolderAwareRequestFilter.java:179) ~[ame-backend-5.6.0-win.exe:6.0.0]
	at org.springframework.security.web.FilterChainProxy$VirtualFilterChain.doFilter(FilterChainProxy.java:374) ~[na:na]
	at org.springframework.security.web.savedrequest.RequestCacheAwareFilter.doFilter(RequestCacheAwareFilter.java:63) ~[ame-backend-5.6.0-win.exe:6.0.0]
	at org.springframework.security.web.FilterChainProxy$VirtualFilterChain.doFilter(FilterChainProxy.java:374) ~[na:na]
	at org.springframework.security.web.authentication.logout.LogoutFilter.doFilter(LogoutFilter.java:107) ~[ame-backend-5.6.0-win.exe:6.0.0]
	at org.springframework.security.web.authentication.logout.LogoutFilter.doFilter(LogoutFilter.java:93) ~[ame-backend-5.6.0-win.exe:6.0.0]
	at org.springframework.security.web.FilterChainProxy$VirtualFilterChain.doFilter(FilterChainProxy.java:374) ~[na:na]
	at org.springframework.security.web.header.HeaderWriterFilter.doHeadersAfter(HeaderWriterFilter.java:90) ~[ame-backend-5.6.0-win.exe:6.0.0]
	at org.springframework.security.web.header.HeaderWriterFilter.doFilterInternal(HeaderWriterFilter.java:75) ~[ame-backend-5.6.0-win.exe:6.0.0]
	at org.springframework.web.filter.OncePerRequestFilter.doFilter(OncePerRequestFilter.java:116) ~[ame-backend-5.6.0-win.exe:6.0.2]
	at org.springframework.security.web.FilterChainProxy$VirtualFilterChain.doFilter(FilterChainProxy.java:374) ~[na:na]
	at org.springframework.security.web.context.SecurityContextHolderFilter.doFilterInternal(SecurityContextHolderFilter.java:69) ~[ame-backend-5.6.0-win.exe:6.0.0]
	at org.springframework.web.filter.OncePerRequestFilter.doFilter(OncePerRequestFilter.java:116) ~[ame-backend-5.6.0-win.exe:6.0.2]
	at org.springframework.security.web.FilterChainProxy$VirtualFilterChain.doFilter(FilterChainProxy.java:374) ~[na:na]
	at org.springframework.security.web.context.request.async.WebAsyncManagerIntegrationFilter.doFilterInternal(WebAsyncManagerIntegrationFilter.java:62) ~[na:na]
	at org.springframework.web.filter.OncePerRequestFilter.doFilter(OncePerRequestFilter.java:116) ~[ame-backend-5.6.0-win.exe:6.0.2]
	at org.springframework.security.web.FilterChainProxy$VirtualFilterChain.doFilter(FilterChainProxy.java:374) ~[na:na]
	at org.springframework.security.web.session.DisableEncodeUrlFilter.doFilterInternal(DisableEncodeUrlFilter.java:42) ~[na:na]
	at org.springframework.web.filter.OncePerRequestFilter.doFilter(OncePerRequestFilter.java:116) ~[ame-backend-5.6.0-win.exe:6.0.2]
	at org.springframework.security.web.FilterChainProxy$VirtualFilterChain.doFilter(FilterChainProxy.java:374) ~[na:na]
	at org.springframework.security.web.FilterChainProxy.doFilterInternal(FilterChainProxy.java:233) ~[ame-backend-5.6.0-win.exe:6.0.0]
	at org.springframework.security.web.FilterChainProxy.doFilter(FilterChainProxy.java:191) ~[ame-backend-5.6.0-win.exe:6.0.0]
	at org.springframework.web.filter.DelegatingFilterProxy.invokeDelegate(DelegatingFilterProxy.java:351) ~[ame-backend-5.6.0-win.exe:6.0.2]
	at org.springframework.web.filter.DelegatingFilterProxy.doFilter(DelegatingFilterProxy.java:267) ~[ame-backend-5.6.0-win.exe:6.0.2]
	at org.apache.catalina.core.ApplicationFilterChain.internalDoFilter(ApplicationFilterChain.java:185) ~[na:na]
	at org.apache.catalina.core.ApplicationFilterChain.doFilter(ApplicationFilterChain.java:158) ~[na:na]
	at org.springframework.web.filter.RequestContextFilter.doFilterInternal(RequestContextFilter.java:100) ~[ame-backend-5.6.0-win.exe:6.0.2]
	at org.springframework.web.filter.OncePerRequestFilter.doFilter(OncePerRequestFilter.java:116) ~[ame-backend-5.6.0-win.exe:6.0.2]
	at org.apache.catalina.core.ApplicationFilterChain.internalDoFilter(ApplicationFilterChain.java:185) ~[na:na]
	at org.apache.catalina.core.ApplicationFilterChain.doFilter(ApplicationFilterChain.java:158) ~[na:na]
	at org.springframework.web.filter.FormContentFilter.doFilterInternal(FormContentFilter.java:93) ~[ame-backend-5.6.0-win.exe:6.0.2]
	at org.springframework.web.filter.OncePerRequestFilter.doFilter(OncePerRequestFilter.java:116) ~[ame-backend-5.6.0-win.exe:6.0.2]
	at org.apache.catalina.core.ApplicationFilterChain.internalDoFilter(ApplicationFilterChain.java:185) ~[na:na]
	at org.apache.catalina.core.ApplicationFilterChain.doFilter(ApplicationFilterChain.java:158) ~[na:na]
	at org.springframework.web.filter.CharacterEncodingFilter.doFilterInternal(CharacterEncodingFilter.java:201) ~[ame-backend-5.6.0-win.exe:6.0.2]
	at org.springframework.web.filter.OncePerRequestFilter.doFilter(OncePerRequestFilter.java:116) ~[ame-backend-5.6.0-win.exe:6.0.2]
	at org.apache.catalina.core.ApplicationFilterChain.internalDoFilter(ApplicationFilterChain.java:185) ~[na:na]
	at org.apache.catalina.core.ApplicationFilterChain.doFilter(ApplicationFilterChain.java:158) ~[na:na]
	at org.apache.catalina.core.StandardWrapperValve.invoke(StandardWrapperValve.java:197) ~[na:na]
	at org.apache.catalina.core.StandardContextValve.invoke(StandardContextValve.java:97) ~[na:na]
	at org.apache.catalina.authenticator.AuthenticatorBase.invoke(AuthenticatorBase.java:542) ~[ame-backend-5.6.0-win.exe:10.1.1]
	at org.apache.catalina.core.StandardHostValve.invoke(StandardHostValve.java:119) ~[na:na]
	at org.apache.catalina.valves.ErrorReportValve.invoke(ErrorReportValve.java:92) ~[ame-backend-5.6.0-win.exe:10.1.1]
	at org.apache.catalina.core.StandardEngineValve.invoke(StandardEngineValve.java:78) ~[na:na]
	at org.apache.catalina.connector.CoyoteAdapter.service(CoyoteAdapter.java:357) ~[na:na]
	at org.apache.coyote.http11.Http11Processor.service(Http11Processor.java:400) ~[na:na]
	at org.apache.coyote.AbstractProcessorLight.process(AbstractProcessorLight.java:65) ~[ame-backend-5.6.0-win.exe:10.1.1]
	at org.apache.coyote.AbstractProtocol$ConnectionHandler.process(AbstractProtocol.java:861) ~[na:na]
	at org.apache.tomcat.util.net.NioEndpoint$SocketProcessor.doRun(NioEndpoint.java:1739) ~[na:na]
	at org.apache.tomcat.util.net.SocketProcessorBase.run(SocketProcessorBase.java:52) ~[ame-backend-5.6.0-win.exe:10.1.1]
	at org.apache.tomcat.util.threads.ThreadPoolExecutor.runWorker(ThreadPoolExecutor.java:1191) ~[na:na]
	at org.apache.tomcat.util.threads.ThreadPoolExecutor$Worker.run(ThreadPoolExecutor.java:659) ~[na:na]
	at org.apache.tomcat.util.threads.TaskThread$WrappingRunnable.run(TaskThread.java:61) ~[na:na]
	at java.base@17.0.6/java.lang.Thread.run(Thread.java:833) ~[ame-backend-5.6.0-win.exe:na]
	at org.graalvm.nativeimage.builder/com.oracle.svm.core.thread.PlatformThreads.threadStartRoutine(PlatformThreads.java:775) ~[ame-backend-5.6.0-win.exe:na]
	at org.graalvm.nativeimage.builder/com.oracle.svm.core.windows.WindowsPlatformThreads.osThreadStartRoutine(WindowsPlatformThreads.java:178) ~[na:na]

2024-07-17T12:50:43.828+02:00 ERROR 33408 --- [http-nio-127.0.0.1-30001-exec-10] o.a.c.c.C.[.[.[.[dispatcherServlet]      : Servlet.service() for servlet [dispatcherServlet] in context with path [/ame/api] threw exception [Request processing failed: org.eclipse.esmf.aspectmodel.urn.UrnSyntaxException: The namespace must match [a-zA-Z][a-zA-Z0-9]{1,62}\.[a-zA-Z0-9-]{1,63}(\.[a-zA-Z0-9_-]{1,63})*.] with root cause

org.eclipse.esmf.aspectmodel.urn.UrnSyntaxException: The namespace must match [a-zA-Z][a-zA-Z0-9]{1,62}\.[a-zA-Z0-9-]{1,63}(\.[a-zA-Z0-9_-]{1,63})*.
	at org.eclipse.esmf.aspectmodel.urn.AspectModelUrn.checkUrn(AspectModelUrn.java:376) ~[ame-backend-5.6.0-win.exe:na]
	at org.eclipse.esmf.aspectmodel.urn.AspectModelUrn.fromUrn(AspectModelUrn.java:135) ~[ame-backend-5.6.0-win.exe:na]
	at org.eclipse.esmf.aspectmodel.urn.AspectModelUrn.fromUrn(AspectModelUrn.java:101) ~[ame-backend-5.6.0-win.exe:na]
	at org.eclipse.esmf.ame.resolver.strategy.ResolutionStrategy.getAspectModelUrn(ResolutionStrategy.java:165) ~[ame-backend-5.6.0-win.exe:na]
	at org.eclipse.esmf.ame.resolver.strategy.utils.ResolverUtils.getPrettyPrintedModel(ResolverUtils.java:136) ~[na:na]
	at org.eclipse.esmf.ame.services.ModelService.getFormattedModel(ModelService.java:167) ~[ame-backend-5.6.0-win.exe:na]
	at org.eclipse.esmf.ame.api.ModelController.getFormattedModel(ModelController.java:127) ~[ame-backend-5.6.0-win.exe:na]
	at java.base@17.0.6/java.lang.reflect.Method.invoke(Method.java:568) ~[ame-backend-5.6.0-win.exe:na]
	at org.springframework.web.method.support.InvocableHandlerMethod.doInvoke(InvocableHandlerMethod.java:207) ~[ame-backend-5.6.0-win.exe:6.0.2]
	at org.springframework.web.method.support.InvocableHandlerMethod.invokeForRequest(InvocableHandlerMethod.java:152) ~[ame-backend-5.6.0-win.exe:6.0.2]
	at org.springframework.web.servlet.mvc.method.annotation.ServletInvocableHandlerMethod.invokeAndHandle(ServletInvocableHandlerMethod.java:117) ~[ame-backend-5.6.0-win.exe:6.0.2]
	at org.springframework.web.servlet.mvc.method.annotation.RequestMappingHandlerAdapter.invokeHandlerMethod(RequestMappingHandlerAdapter.java:884) ~[ame-backend-5.6.0-win.exe:6.0.2]
	at org.springframework.web.servlet.mvc.method.annotation.RequestMappingHandlerAdapter.handleInternal(RequestMappingHandlerAdapter.java:797) ~[ame-backend-5.6.0-win.exe:6.0.2]
	at org.springframework.web.servlet.mvc.method.AbstractHandlerMethodAdapter.handle(AbstractHandlerMethodAdapter.java:87) ~[ame-backend-5.6.0-win.exe:6.0.2]
	at org.springframework.web.servlet.DispatcherServlet.doDispatch(DispatcherServlet.java:1080) ~[ame-backend-5.6.0-win.exe:6.0.2]
	at org.springframework.web.servlet.DispatcherServlet.doService(DispatcherServlet.java:973) ~[ame-backend-5.6.0-win.exe:6.0.2]
	at org.springframework.web.servlet.FrameworkServlet.processRequest(FrameworkServlet.java:1003) ~[ame-backend-5.6.0-win.exe:6.0.2]
	at org.springframework.web.servlet.FrameworkServlet.doPost(FrameworkServlet.java:906) ~[ame-backend-5.6.0-win.exe:6.0.2]
	at jakarta.servlet.http.HttpServlet.service(HttpServlet.java:731) ~[ame-backend-5.6.0-win.exe:6.0]
	at org.springframework.web.servlet.FrameworkServlet.service(FrameworkServlet.java:880) ~[ame-backend-5.6.0-win.exe:6.0.2]
	at jakarta.servlet.http.HttpServlet.service(HttpServlet.java:814) ~[ame-backend-5.6.0-win.exe:6.0]
	at org.apache.catalina.core.ApplicationFilterChain.internalDoFilter(ApplicationFilterChain.java:223) ~[na:na]
	at org.apache.catalina.core.ApplicationFilterChain.doFilter(ApplicationFilterChain.java:158) ~[na:na]
	at org.apache.tomcat.websocket.server.WsFilter.doFilter(WsFilter.java:53) ~[ame-backend-5.6.0-win.exe:10.1.1]
	at org.apache.catalina.core.ApplicationFilterChain.internalDoFilter(ApplicationFilterChain.java:185) ~[na:na]
	at org.apache.catalina.core.ApplicationFilterChain.doFilter(ApplicationFilterChain.java:158) ~[na:na]
	at org.springframework.security.web.FilterChainProxy.lambda$doFilterInternal$3(FilterChainProxy.java:231) ~[ame-backend-5.6.0-win.exe:6.0.0]
	at org.springframework.security.web.FilterChainProxy$VirtualFilterChain.doFilter(FilterChainProxy.java:365) ~[na:na]
	at org.springframework.security.web.access.intercept.AuthorizationFilter.doFilter(AuthorizationFilter.java:100) ~[ame-backend-5.6.0-win.exe:6.0.0]
	at org.springframework.security.web.FilterChainProxy$VirtualFilterChain.doFilter(FilterChainProxy.java:374) ~[na:na]
	at org.springframework.security.web.access.ExceptionTranslationFilter.doFilter(ExceptionTranslationFilter.java:126) ~[ame-backend-5.6.0-win.exe:6.0.0]
	at org.springframework.security.web.access.ExceptionTranslationFilter.doFilter(ExceptionTranslationFilter.java:120) ~[ame-backend-5.6.0-win.exe:6.0.0]
	at org.springframework.security.web.FilterChainProxy$VirtualFilterChain.doFilter(FilterChainProxy.java:374) ~[na:na]
	at org.springframework.security.web.authentication.AnonymousAuthenticationFilter.doFilter(AnonymousAuthenticationFilter.java:100) ~[na:na]
	at org.springframework.security.web.FilterChainProxy$VirtualFilterChain.doFilter(FilterChainProxy.java:374) ~[na:na]
	at org.springframework.security.web.servletapi.SecurityContextHolderAwareRequestFilter.doFilter(SecurityContextHolderAwareRequestFilter.java:179) ~[ame-backend-5.6.0-win.exe:6.0.0]
	at org.springframework.security.web.FilterChainProxy$VirtualFilterChain.doFilter(FilterChainProxy.java:374) ~[na:na]
	at org.springframework.security.web.savedrequest.RequestCacheAwareFilter.doFilter(RequestCacheAwareFilter.java:63) ~[ame-backend-5.6.0-win.exe:6.0.0]
	at org.springframework.security.web.FilterChainProxy$VirtualFilterChain.doFilter(FilterChainProxy.java:374) ~[na:na]
	at org.springframework.security.web.authentication.logout.LogoutFilter.doFilter(LogoutFilter.java:107) ~[ame-backend-5.6.0-win.exe:6.0.0]
	at org.springframework.security.web.authentication.logout.LogoutFilter.doFilter(LogoutFilter.java:93) ~[ame-backend-5.6.0-win.exe:6.0.0]
	at org.springframework.security.web.FilterChainProxy$VirtualFilterChain.doFilter(FilterChainProxy.java:374) ~[na:na]
	at org.springframework.security.web.header.HeaderWriterFilter.doHeadersAfter(HeaderWriterFilter.java:90) ~[ame-backend-5.6.0-win.exe:6.0.0]
	at org.springframework.security.web.header.HeaderWriterFilter.doFilterInternal(HeaderWriterFilter.java:75) ~[ame-backend-5.6.0-win.exe:6.0.0]
	at org.springframework.web.filter.OncePerRequestFilter.doFilter(OncePerRequestFilter.java:116) ~[ame-backend-5.6.0-win.exe:6.0.2]
	at org.springframework.security.web.FilterChainProxy$VirtualFilterChain.doFilter(FilterChainProxy.java:374) ~[na:na]
	at org.springframework.security.web.context.SecurityContextHolderFilter.doFilterInternal(SecurityContextHolderFilter.java:69) ~[ame-backend-5.6.0-win.exe:6.0.0]
	at org.springframework.web.filter.OncePerRequestFilter.doFilter(OncePerRequestFilter.java:116) ~[ame-backend-5.6.0-win.exe:6.0.2]
	at org.springframework.security.web.FilterChainProxy$VirtualFilterChain.doFilter(FilterChainProxy.java:374) ~[na:na]
	at org.springframework.security.web.context.request.async.WebAsyncManagerIntegrationFilter.doFilterInternal(WebAsyncManagerIntegrationFilter.java:62) ~[na:na]
	at org.springframework.web.filter.OncePerRequestFilter.doFilter(OncePerRequestFilter.java:116) ~[ame-backend-5.6.0-win.exe:6.0.2]
	at org.springframework.security.web.FilterChainProxy$VirtualFilterChain.doFilter(FilterChainProxy.java:374) ~[na:na]
	at org.springframework.security.web.session.DisableEncodeUrlFilter.doFilterInternal(DisableEncodeUrlFilter.java:42) ~[na:na]
	at org.springframework.web.filter.OncePerRequestFilter.doFilter(OncePerRequestFilter.java:116) ~[ame-backend-5.6.0-win.exe:6.0.2]
	at org.springframework.security.web.FilterChainProxy$VirtualFilterChain.doFilter(FilterChainProxy.java:374) ~[na:na]
	at org.springframework.security.web.FilterChainProxy.doFilterInternal(FilterChainProxy.java:233) ~[ame-backend-5.6.0-win.exe:6.0.0]
	at org.springframework.security.web.FilterChainProxy.doFilter(FilterChainProxy.java:191) ~[ame-backend-5.6.0-win.exe:6.0.0]
	at org.springframework.web.filter.DelegatingFilterProxy.invokeDelegate(DelegatingFilterProxy.java:351) ~[ame-backend-5.6.0-win.exe:6.0.2]
	at org.springframework.web.filter.DelegatingFilterProxy.doFilter(DelegatingFilterProxy.java:267) ~[ame-backend-5.6.0-win.exe:6.0.2]
	at org.apache.catalina.core.ApplicationFilterChain.internalDoFilter(ApplicationFilterChain.java:185) ~[na:na]
	at org.apache.catalina.core.ApplicationFilterChain.doFilter(ApplicationFilterChain.java:158) ~[na:na]
	at org.springframework.web.filter.RequestContextFilter.doFilterInternal(RequestContextFilter.java:100) ~[ame-backend-5.6.0-win.exe:6.0.2]
	at org.springframework.web.filter.OncePerRequestFilter.doFilter(OncePerRequestFilter.java:116) ~[ame-backend-5.6.0-win.exe:6.0.2]
	at org.apache.catalina.core.ApplicationFilterChain.internalDoFilter(ApplicationFilterChain.java:185) ~[na:na]
	at org.apache.catalina.core.ApplicationFilterChain.doFilter(ApplicationFilterChain.java:158) ~[na:na]
	at org.springframework.web.filter.FormContentFilter.doFilterInternal(FormContentFilter.java:93) ~[ame-backend-5.6.0-win.exe:6.0.2]
	at org.springframework.web.filter.OncePerRequestFilter.doFilter(OncePerRequestFilter.java:116) ~[ame-backend-5.6.0-win.exe:6.0.2]
	at org.apache.catalina.core.ApplicationFilterChain.internalDoFilter(ApplicationFilterChain.java:185) ~[na:na]
	at org.apache.catalina.core.ApplicationFilterChain.doFilter(ApplicationFilterChain.java:158) ~[na:na]
	at org.springframework.web.filter.CharacterEncodingFilter.doFilterInternal(CharacterEncodingFilter.java:201) ~[ame-backend-5.6.0-win.exe:6.0.2]
	at org.springframework.web.filter.OncePerRequestFilter.doFilter(OncePerRequestFilter.java:116) ~[ame-backend-5.6.0-win.exe:6.0.2]
	at org.apache.catalina.core.ApplicationFilterChain.internalDoFilter(ApplicationFilterChain.java:185) ~[na:na]
	at org.apache.catalina.core.ApplicationFilterChain.doFilter(ApplicationFilterChain.java:158) ~[na:na]
	at org.apache.catalina.core.StandardWrapperValve.invoke(StandardWrapperValve.java:197) ~[na:na]
	at org.apache.catalina.core.StandardContextValve.invoke(StandardContextValve.java:97) ~[na:na]
	at org.apache.catalina.authenticator.AuthenticatorBase.invoke(AuthenticatorBase.java:542) ~[ame-backend-5.6.0-win.exe:10.1.1]
	at org.apache.catalina.core.StandardHostValve.invoke(StandardHostValve.java:119) ~[na:na]
	at org.apache.catalina.valves.ErrorReportValve.invoke(ErrorReportValve.java:92) ~[ame-backend-5.6.0-win.exe:10.1.1]
	at org.apache.catalina.core.StandardEngineValve.invoke(StandardEngineValve.java:78) ~[na:na]
	at org.apache.catalina.connector.CoyoteAdapter.service(CoyoteAdapter.java:357) ~[na:na]
	at org.apache.coyote.http11.Http11Processor.service(Http11Processor.java:400) ~[na:na]
	at org.apache.coyote.AbstractProcessorLight.process(AbstractProcessorLight.java:65) ~[ame-backend-5.6.0-win.exe:10.1.1]
	at org.apache.coyote.AbstractProtocol$ConnectionHandler.process(AbstractProtocol.java:861) ~[na:na]
	at org.apache.tomcat.util.net.NioEndpoint$SocketProcessor.doRun(NioEndpoint.java:1739) ~[na:na]
	at org.apache.tomcat.util.net.SocketProcessorBase.run(SocketProcessorBase.java:52) ~[ame-backend-5.6.0-win.exe:10.1.1]
	at org.apache.tomcat.util.threads.ThreadPoolExecutor.runWorker(ThreadPoolExecutor.java:1191) ~[na:na]
	at org.apache.tomcat.util.threads.ThreadPoolExecutor$Worker.run(ThreadPoolExecutor.java:659) ~[na:na]
	at org.apache.tomcat.util.threads.TaskThread$WrappingRunnable.run(TaskThread.java:61) ~[na:na]
	at java.base@17.0.6/java.lang.Thread.run(Thread.java:833) ~[ame-backend-5.6.0-win.exe:na]
	at org.graalvm.nativeimage.builder/com.oracle.svm.core.thread.PlatformThreads.threadStartRoutine(PlatformThreads.java:775) ~[ame-backend-5.6.0-win.exe:na]
	at org.graalvm.nativeimage.builder/com.oracle.svm.core.windows.WindowsPlatformThreads.osThreadStartRoutine(WindowsPlatformThreads.java:178) ~[na:na]

